{"/home/ankit/Documents/Programming/AutoLedger/AutoLedger/server/src/middleware/auth.ts": {"path":"/home/ankit/Documents/Programming/AutoLedger/AutoLedger/server/src/middleware/auth.ts","statementMap":{"0":{"start":{"line":5,"column":0},"end":{"line":5,"column":null}},"1":{"start":{"line":11,"column":18},"end":{"line":11,"column":null}},"2":{"start":{"line":13,"column":13},"end":{"line":33,"column":null}},"3":{"start":{"line":16,"column":18},"end":{"line":17,"column":null}},"4":{"start":{"line":21,"column":4},"end":{"line":23,"column":null}},"5":{"start":{"line":22,"column":8},"end":{"line":22,"column":null}},"6":{"start":{"line":26,"column":4},"end":{"line":32,"column":null}},"7":{"start":{"line":27,"column":24},"end":{"line":27,"column":null}},"8":{"start":{"line":28,"column":8},"end":{"line":28,"column":null}},"9":{"start":{"line":29,"column":8},"end":{"line":29,"column":null}},"10":{"start":{"line":31,"column":8},"end":{"line":31,"column":null}}},"fnMap":{"0":{"name":"(anonymous_0)","decl":{"start":{"line":13,"column":13},"end":{"line":13,"column":14}},"loc":{"start":{"line":13,"column":72},"end":{"line":33,"column":null}},"line":13}},"branchMap":{"0":{"loc":{"start":{"line":16,"column":18},"end":{"line":17,"column":null}},"type":"binary-expr","locations":[{"start":{"line":16,"column":18},"end":{"line":16,"column":null}},{"start":{"line":17,"column":9},"end":{"line":17,"column":null}}],"line":16},"1":{"loc":{"start":{"line":17,"column":9},"end":{"line":17,"column":null}},"type":"cond-expr","locations":[{"start":{"line":17,"column":60},"end":{"line":17,"column":102}},{"start":{"line":17,"column":102},"end":{"line":17,"column":null}}],"line":17},"2":{"loc":{"start":{"line":21,"column":4},"end":{"line":23,"column":null}},"type":"if","locations":[{"start":{"line":21,"column":4},"end":{"line":23,"column":null}},{"start":{},"end":{}}],"line":21}},"s":{"0":1,"1":1,"2":1,"3":3,"4":3,"5":1,"6":2,"7":2,"8":2,"9":2,"10":1},"f":{"0":3},"b":{"0":[3,2],"1":[1,1],"2":[1,2]},"meta":{"lastBranch":3,"lastFunction":1,"lastStatement":11,"seen":{"s:5:0:5:Infinity":0,"s:11:18:11:Infinity":1,"s:13:13:33:Infinity":2,"f:13:13:13:14":0,"s:16:18:17:Infinity":3,"b:16:18:16:Infinity:17:9:17:Infinity":0,"b:17:60:17:102:17:102:17:Infinity":1,"b:21:4:23:Infinity:undefined:undefined:undefined:undefined":2,"s:21:4:23:Infinity":4,"s:22:8:22:Infinity":5,"s:26:4:32:Infinity":6,"s:27:24:27:Infinity":7,"s:28:8:28:Infinity":8,"s:29:8:29:Infinity":9,"s:31:8:31:Infinity":10}}}
,"/home/ankit/Documents/Programming/AutoLedger/AutoLedger/server/src/middleware/errorHandler.ts": {"path":"/home/ankit/Documents/Programming/AutoLedger/AutoLedger/server/src/middleware/errorHandler.ts","statementMap":{"0":{"start":{"line":4,"column":21},"end":{"line":26,"column":null}},"1":{"start":{"line":10,"column":2},"end":{"line":10,"column":null}},"2":{"start":{"line":12,"column":2},"end":{"line":18,"column":null}},"3":{"start":{"line":13,"column":4},"end":{"line":16,"column":null}},"4":{"start":{"line":17,"column":4},"end":{"line":17,"column":null}},"5":{"start":{"line":20,"column":2},"end":{"line":23,"column":null}}},"fnMap":{"0":{"name":"(anonymous_0)","decl":{"start":{"line":4,"column":21},"end":{"line":4,"column":null}},"loc":{"start":{"line":9,"column":5},"end":{"line":26,"column":null}},"line":9}},"branchMap":{"0":{"loc":{"start":{"line":12,"column":2},"end":{"line":18,"column":null}},"type":"if","locations":[{"start":{"line":12,"column":2},"end":{"line":18,"column":null}},{"start":{},"end":{}}],"line":12}},"s":{"0":1,"1":2,"2":2,"3":1,"4":1,"5":1},"f":{"0":2},"b":{"0":[1,1]},"meta":{"lastBranch":1,"lastFunction":1,"lastStatement":6,"seen":{"s:4:21:26:Infinity":0,"f:4:21:4:Infinity":0,"s:10:2:10:Infinity":1,"b:12:2:18:Infinity:undefined:undefined:undefined:undefined":0,"s:12:2:18:Infinity":2,"s:13:4:16:Infinity":3,"s:17:4:17:Infinity":4,"s:20:2:23:Infinity":5}}}
,"/home/ankit/Documents/Programming/AutoLedger/AutoLedger/server/src/services/accountService.ts": {"path":"/home/ankit/Documents/Programming/AutoLedger/AutoLedger/server/src/services/accountService.ts","statementMap":{"0":{"start":{"line":11,"column":30},"end":{"line":47,"column":null}},"1":{"start":{"line":16,"column":23},"end":{"line":22,"column":null}},"2":{"start":{"line":23,"column":8},"end":{"line":23,"column":null}},"3":{"start":{"line":30,"column":50},"end":{"line":30,"column":null}},"4":{"start":{"line":32,"column":8},"end":{"line":45,"column":null}},"5":{"start":{"line":33,"column":27},"end":{"line":38,"column":null}},"6":{"start":{"line":39,"column":12},"end":{"line":39,"column":null}},"7":{"start":{"line":41,"column":12},"end":{"line":43,"column":null}},"8":{"start":{"line":42,"column":16},"end":{"line":42,"column":null}},"9":{"start":{"line":44,"column":12},"end":{"line":44,"column":null}}},"fnMap":{"0":{"name":"(anonymous_0)","decl":{"start":{"line":15,"column":10},"end":{"line":15,"column":29}},"loc":{"start":{"line":15,"column":45},"end":{"line":24,"column":null}},"line":15},"1":{"name":"(anonymous_1)","decl":{"start":{"line":29,"column":10},"end":{"line":29,"column":24}},"loc":{"start":{"line":29,"column":65},"end":{"line":46,"column":null}},"line":29}},"branchMap":{"0":{"loc":{"start":{"line":41,"column":12},"end":{"line":43,"column":null}},"type":"if","locations":[{"start":{"line":41,"column":12},"end":{"line":43,"column":null}},{"start":{},"end":{}}],"line":41}},"s":{"0":1,"1":2,"2":1,"3":3,"4":3,"5":3,"6":1,"7":2,"8":2,"9":0},"f":{"0":2,"1":3},"b":{"0":[2,0]},"meta":{"lastBranch":1,"lastFunction":2,"lastStatement":10,"seen":{"s:11:30:47:Infinity":0,"f:15:10:15:29":0,"s:16:23:22:Infinity":1,"s:23:8:23:Infinity":2,"f:29:10:29:24":1,"s:30:50:30:Infinity":3,"s:32:8:45:Infinity":4,"s:33:27:38:Infinity":5,"s:39:12:39:Infinity":6,"b:41:12:43:Infinity:undefined:undefined:undefined:undefined":0,"s:41:12:43:Infinity":7,"s:42:16:42:Infinity":8,"s:44:12:44:Infinity":9}}}
,"/home/ankit/Documents/Programming/AutoLedger/AutoLedger/server/src/services/journalService.ts": {"path":"/home/ankit/Documents/Programming/AutoLedger/AutoLedger/server/src/services/journalService.ts","statementMap":{"0":{"start":{"line":16,"column":30},"end":{"line":109,"column":null}},"1":{"start":{"line":21,"column":45},"end":{"line":21,"column":null}},"2":{"start":{"line":22,"column":23},"end":{"line":22,"column":null}},"3":{"start":{"line":24,"column":8},"end":{"line":58,"column":null}},"4":{"start":{"line":25,"column":12},"end":{"line":25,"column":null}},"5":{"start":{"line":28,"column":32},"end":{"line":33,"column":null}},"6":{"start":{"line":34,"column":35},"end":{"line":34,"column":null}},"7":{"start":{"line":37,"column":12},"end":{"line":43,"column":null}},"8":{"start":{"line":38,"column":16},"end":{"line":42,"column":null}},"9":{"start":{"line":45,"column":12},"end":{"line":45,"column":null}},"10":{"start":{"line":46,"column":12},"end":{"line":46,"column":null}},"11":{"start":{"line":49,"column":12},"end":{"line":49,"column":null}},"12":{"start":{"line":52,"column":12},"end":{"line":54,"column":null}},"13":{"start":{"line":53,"column":16},"end":{"line":53,"column":null}},"14":{"start":{"line":55,"column":12},"end":{"line":55,"column":null}},"15":{"start":{"line":57,"column":12},"end":{"line":57,"column":null}},"16":{"start":{"line":65,"column":14},"end":{"line":65,"column":null}},"17":{"start":{"line":67,"column":22},"end":{"line":67,"column":null}},"18":{"start":{"line":97,"column":23},"end":{"line":97,"column":null}},"19":{"start":{"line":99,"column":27},"end":{"line":99,"column":null}},"20":{"start":{"line":101,"column":8},"end":{"line":107,"column":null}},"21":{"start":{"line":103,"column":50},"end":{"line":103,"column":null}},"22":{"start":{"line":104,"column":16},"end":{"line":104,"column":null}}},"fnMap":{"0":{"name":"(anonymous_0)","decl":{"start":{"line":20,"column":10},"end":{"line":20,"column":22}},"loc":{"start":{"line":20,"column":68},"end":{"line":59,"column":null}},"line":20},"1":{"name":"(anonymous_1)","decl":{"start":{"line":64,"column":10},"end":{"line":64,"column":28}},"loc":{"start":{"line":64,"column":82},"end":{"line":108,"column":null}},"line":64},"2":{"name":"(anonymous_2)","decl":{"start":{"line":102,"column":37},"end":{"line":102,"column":44}},"loc":{"start":{"line":102,"column":44},"end":{"line":105,"column":13}},"line":102}},"branchMap":{"0":{"loc":{"start":{"line":52,"column":12},"end":{"line":54,"column":null}},"type":"if","locations":[{"start":{"line":52,"column":12},"end":{"line":54,"column":null}},{"start":{},"end":{}}],"line":52},"1":{"loc":{"start":{"line":64,"column":44},"end":{"line":64,"column":62}},"type":"default-arg","locations":[{"start":{"line":64,"column":59},"end":{"line":64,"column":62}}],"line":64},"2":{"loc":{"start":{"line":64,"column":62},"end":{"line":64,"column":82}},"type":"default-arg","locations":[{"start":{"line":64,"column":78},"end":{"line":64,"column":82}}],"line":64},"3":{"loc":{"start":{"line":99,"column":27},"end":{"line":99,"column":null}},"type":"cond-expr","locations":[{"start":{"line":99,"column":52},"end":{"line":99,"column":91}},{"start":{"line":99,"column":91},"end":{"line":99,"column":null}}],"line":99}},"s":{"0":2,"1":4,"2":4,"3":4,"4":4,"5":4,"6":2,"7":2,"8":5,"9":2,"10":2,"11":2,"12":2,"13":1,"14":1,"15":4,"16":1,"17":1,"18":1,"19":1,"20":1,"21":2,"22":2},"f":{"0":4,"1":1,"2":2},"b":{"0":[1,1],"1":[1],"2":[1],"3":[1,0]},"meta":{"lastBranch":4,"lastFunction":3,"lastStatement":23,"seen":{"s:16:30:109:Infinity":0,"f:20:10:20:22":0,"s:21:45:21:Infinity":1,"s:22:23:22:Infinity":2,"s:24:8:58:Infinity":3,"s:25:12:25:Infinity":4,"s:28:32:33:Infinity":5,"s:34:35:34:Infinity":6,"s:37:12:43:Infinity":7,"s:38:16:42:Infinity":8,"s:45:12:45:Infinity":9,"s:46:12:46:Infinity":10,"s:49:12:49:Infinity":11,"b:52:12:54:Infinity:undefined:undefined:undefined:undefined":0,"s:52:12:54:Infinity":12,"s:53:16:53:Infinity":13,"s:55:12:55:Infinity":14,"s:57:12:57:Infinity":15,"f:64:10:64:28":1,"b:64:59:64:62":1,"b:64:78:64:82":2,"s:65:14:65:Infinity":16,"s:67:22:67:Infinity":17,"s:97:23:97:Infinity":18,"s:99:27:99:Infinity":19,"b:99:52:99:91:99:91:99:Infinity":3,"s:101:8:107:Infinity":20,"f:102:37:102:44":2,"s:103:50:103:Infinity":21,"s:104:16:104:Infinity":22}}}
,"/home/ankit/Documents/Programming/AutoLedger/AutoLedger/server/src/services/reportService.ts": {"path":"/home/ankit/Documents/Programming/AutoLedger/AutoLedger/server/src/services/reportService.ts","statementMap":{"0":{"start":{"line":3,"column":29},"end":{"line":48,"column":null}},"1":{"start":{"line":9,"column":22},"end":{"line":9,"column":null}},"2":{"start":{"line":29,"column":23},"end":{"line":29,"column":null}},"3":{"start":{"line":32,"column":23},"end":{"line":37,"column":null}},"4":{"start":{"line":33,"column":12},"end":{"line":36,"column":null}},"5":{"start":{"line":40,"column":27},"end":{"line":40,"column":null}},"6":{"start":{"line":42,"column":8},"end":{"line":46,"column":null}}},"fnMap":{"0":{"name":"(anonymous_0)","decl":{"start":{"line":8,"column":10},"end":{"line":8,"column":26}},"loc":{"start":{"line":8,"column":42},"end":{"line":47,"column":null}},"line":8},"1":{"name":"(anonymous_1)","decl":{"start":{"line":32,"column":42},"end":{"line":32,"column":43}},"loc":{"start":{"line":32,"column":56},"end":{"line":37,"column":11}},"line":32}},"branchMap":{},"s":{"0":1,"1":3,"2":3,"3":3,"4":7,"5":3,"6":3},"f":{"0":3,"1":7},"b":{},"meta":{"lastBranch":0,"lastFunction":2,"lastStatement":7,"seen":{"s:3:29:48:Infinity":0,"f:8:10:8:26":0,"s:9:22:9:Infinity":1,"s:29:23:29:Infinity":2,"s:32:23:37:Infinity":3,"f:32:42:32:43":1,"s:33:12:36:Infinity":4,"s:40:27:40:Infinity":5,"s:42:8:46:Infinity":6}}}
,"/home/ankit/Documents/Programming/AutoLedger/AutoLedger/server/src/utils/apiError.ts": {"path":"/home/ankit/Documents/Programming/AutoLedger/AutoLedger/server/src/utils/apiError.ts","statementMap":{"0":{"start":{"line":9,"column":8},"end":{"line":9,"column":null}},"1":{"start":{"line":11,"column":8},"end":{"line":11,"column":null}},"2":{"start":{"line":12,"column":8},"end":{"line":12,"column":null}},"3":{"start":{"line":13,"column":8},"end":{"line":13,"column":null}},"4":{"start":{"line":15,"column":8},"end":{"line":15,"column":null}}},"fnMap":{"0":{"name":"(anonymous_0)","decl":{"start":{"line":8,"column":4},"end":{"line":8,"column":16}},"loc":{"start":{"line":8,"column":75},"end":{"line":16,"column":null}},"line":8}},"branchMap":{"0":{"loc":{"start":{"line":8,"column":53},"end":{"line":8,"column":75}},"type":"default-arg","locations":[{"start":{"line":8,"column":69},"end":{"line":8,"column":75}}],"line":8}},"s":{"0":9,"1":9,"2":9,"3":9,"4":9},"f":{"0":9},"b":{"0":[9]},"meta":{"lastBranch":1,"lastFunction":1,"lastStatement":5,"seen":{"f:8:4:8:16":0,"b:8:69:8:75":0,"s:9:8:9:Infinity":0,"s:11:8:11:Infinity":1,"s:12:8:12:Infinity":2,"s:13:8:13:Infinity":3,"s:15:8:15:Infinity":4}}}
,"/home/ankit/Documents/Programming/AutoLedger/AutoLedger/server/src/utils/jwt.ts": {"path":"/home/ankit/Documents/Programming/AutoLedger/AutoLedger/server/src/utils/jwt.ts","statementMap":{"0":{"start":{"line":3,"column":28},"end":{"line":3,"column":null}},"1":{"start":{"line":5,"column":29},"end":{"line":5,"column":null}},"2":{"start":{"line":7,"column":0},"end":{"line":9,"column":null}},"3":{"start":{"line":8,"column":2},"end":{"line":8,"column":null}},"4":{"start":{"line":11,"column":35},"end":{"line":15,"column":null}},"5":{"start":{"line":12,"column":2},"end":{"line":14,"column":null}},"6":{"start":{"line":17,"column":36},"end":{"line":19,"column":null}},"7":{"start":{"line":18,"column":2},"end":{"line":18,"column":null}},"8":{"start":{"line":21,"column":33},"end":{"line":23,"column":null}},"9":{"start":{"line":22,"column":2},"end":{"line":22,"column":null}},"10":{"start":{"line":25,"column":34},"end":{"line":27,"column":null}},"11":{"start":{"line":26,"column":2},"end":{"line":26,"column":null}}},"fnMap":{"0":{"name":"(anonymous_0)","decl":{"start":{"line":11,"column":35},"end":{"line":11,"column":36}},"loc":{"start":{"line":11,"column":55},"end":{"line":15,"column":null}},"line":11},"1":{"name":"(anonymous_1)","decl":{"start":{"line":17,"column":36},"end":{"line":17,"column":37}},"loc":{"start":{"line":17,"column":56},"end":{"line":19,"column":null}},"line":17},"2":{"name":"(anonymous_2)","decl":{"start":{"line":21,"column":33},"end":{"line":21,"column":34}},"loc":{"start":{"line":21,"column":52},"end":{"line":23,"column":null}},"line":21},"3":{"name":"(anonymous_3)","decl":{"start":{"line":25,"column":34},"end":{"line":25,"column":35}},"loc":{"start":{"line":25,"column":53},"end":{"line":27,"column":null}},"line":25}},"branchMap":{"0":{"loc":{"start":{"line":7,"column":0},"end":{"line":9,"column":null}},"type":"if","locations":[{"start":{"line":7,"column":0},"end":{"line":9,"column":null}},{"start":{},"end":{}}],"line":7},"1":{"loc":{"start":{"line":7,"column":4},"end":{"line":7,"column":51}},"type":"binary-expr","locations":[{"start":{"line":7,"column":4},"end":{"line":7,"column":28}},{"start":{"line":7,"column":28},"end":{"line":7,"column":51}}],"line":7}},"s":{"0":1,"1":1,"2":1,"3":0,"4":1,"5":2,"6":1,"7":2,"8":1,"9":2,"10":1,"11":1},"f":{"0":2,"1":2,"2":2,"3":1},"b":{"0":[0,1],"1":[1,1]},"meta":{"lastBranch":2,"lastFunction":4,"lastStatement":12,"seen":{"s:3:28:3:Infinity":0,"s:5:29:5:Infinity":1,"b:7:0:9:Infinity:undefined:undefined:undefined:undefined":0,"s:7:0:9:Infinity":2,"b:7:4:7:28:7:28:7:51":1,"s:8:2:8:Infinity":3,"s:11:35:15:Infinity":4,"f:11:35:11:36":0,"s:12:2:14:Infinity":5,"s:17:36:19:Infinity":6,"f:17:36:17:37":1,"s:18:2:18:Infinity":7,"s:21:33:23:Infinity":8,"f:21:33:21:34":2,"s:22:2:22:Infinity":9,"s:25:34:27:Infinity":10,"f:25:34:25:35":3,"s:26:2:26:Infinity":11}}}
,"/home/ankit/Documents/Programming/AutoLedger/AutoLedger/server/src/utils/ruleEngine.ts": {"path":"/home/ankit/Documents/Programming/AutoLedger/AutoLedger/server/src/utils/ruleEngine.ts","statementMap":{"0":{"start":{"line":15,"column":32},"end":{"line":164,"column":null}},"1":{"start":{"line":17,"column":16},"end":{"line":17,"column":null}},"2":{"start":{"line":23,"column":18},"end":{"line":23,"column":null}},"3":{"start":{"line":25,"column":2},"end":{"line":25,"column":null}},"4":{"start":{"line":25,"column":28},"end":{"line":25,"column":null}},"5":{"start":{"line":31,"column":21},"end":{"line":31,"column":null}},"6":{"start":{"line":33,"column":20},"end":{"line":33,"column":null}},"7":{"start":{"line":36,"column":2},"end":{"line":38,"column":null}},"8":{"start":{"line":37,"column":4},"end":{"line":37,"column":null}},"9":{"start":{"line":44,"column":28},"end":{"line":50,"column":null}},"10":{"start":{"line":46,"column":4},"end":{"line":48,"column":null}},"11":{"start":{"line":48,"column":51},"end":{"line":48,"column":90}},"12":{"start":{"line":56,"column":23},"end":{"line":56,"column":null}},"13":{"start":{"line":56,"column":44},"end":{"line":56,"column":96}},"14":{"start":{"line":62,"column":21},"end":{"line":62,"column":null}},"15":{"start":{"line":64,"column":20},"end":{"line":64,"column":null}},"16":{"start":{"line":68,"column":2},"end":{"line":144,"column":null}},"17":{"start":{"line":72,"column":4},"end":{"line":100,"column":null}},"18":{"start":{"line":76,"column":21},"end":{"line":76,"column":null}},"19":{"start":{"line":80,"column":22},"end":{"line":80,"column":null}},"20":{"start":{"line":82,"column":20},"end":{"line":82,"column":null}},"21":{"start":{"line":86,"column":6},"end":{"line":96,"column":null}},"22":{"start":{"line":98,"column":6},"end":{"line":98,"column":null}},"23":{"start":{"line":106,"column":21},"end":{"line":106,"column":null}},"24":{"start":{"line":106,"column":66},"end":{"line":106,"column":115}},"25":{"start":{"line":108,"column":19},"end":{"line":108,"column":null}},"26":{"start":{"line":112,"column":4},"end":{"line":112,"column":null}},"27":{"start":{"line":112,"column":36},"end":{"line":112,"column":null}},"28":{"start":{"line":116,"column":4},"end":{"line":142,"column":null}},"29":{"start":{"line":149,"column":18},"end":{"line":149,"column":null}},"30":{"start":{"line":149,"column":33},"end":{"line":149,"column":null}},"31":{"start":{"line":150,"column":19},"end":{"line":150,"column":null}},"32":{"start":{"line":150,"column":42},"end":{"line":150,"column":64}},"33":{"start":{"line":151,"column":20},"end":{"line":151,"column":null}},"34":{"start":{"line":151,"column":43},"end":{"line":151,"column":66}},"35":{"start":{"line":152,"column":2},"end":{"line":154,"column":null}},"36":{"start":{"line":153,"column":4},"end":{"line":153,"column":null}},"37":{"start":{"line":156,"column":2},"end":{"line":162,"column":null}}},"fnMap":{"0":{"name":"(anonymous_0)","decl":{"start":{"line":15,"column":32},"end":{"line":15,"column":33}},"loc":{"start":{"line":15,"column":75},"end":{"line":164,"column":null}},"line":15},"1":{"name":"(anonymous_1)","decl":{"start":{"line":44,"column":44},"end":{"line":44,"column":null}},"loc":{"start":{"line":46,"column":4},"end":{"line":48,"column":null}},"line":46},"2":{"name":"(anonymous_2)","decl":{"start":{"line":48,"column":43},"end":{"line":48,"column":51}},"loc":{"start":{"line":48,"column":51},"end":{"line":48,"column":90}},"line":48},"3":{"name":"(anonymous_3)","decl":{"start":{"line":56,"column":37},"end":{"line":56,"column":44}},"loc":{"start":{"line":56,"column":44},"end":{"line":56,"column":96}},"line":56},"4":{"name":"(anonymous_4)","decl":{"start":{"line":72,"column":30},"end":{"line":72,"column":31}},"loc":{"start":{"line":72,"column":46},"end":{"line":100,"column":5}},"line":72},"5":{"name":"(anonymous_5)","decl":{"start":{"line":106,"column":59},"end":{"line":106,"column":66}},"loc":{"start":{"line":106,"column":66},"end":{"line":106,"column":115}},"line":106},"6":{"name":"(anonymous_6)","decl":{"start":{"line":149,"column":18},"end":{"line":149,"column":19}},"loc":{"start":{"line":149,"column":33},"end":{"line":149,"column":null}},"line":149},"7":{"name":"(anonymous_7)","decl":{"start":{"line":150,"column":32},"end":{"line":150,"column":33}},"loc":{"start":{"line":150,"column":42},"end":{"line":150,"column":64}},"line":150},"8":{"name":"(anonymous_8)","decl":{"start":{"line":151,"column":33},"end":{"line":151,"column":34}},"loc":{"start":{"line":151,"column":43},"end":{"line":151,"column":66}},"line":151}},"branchMap":{"0":{"loc":{"start":{"line":23,"column":18},"end":{"line":23,"column":null}},"type":"binary-expr","locations":[{"start":{"line":23,"column":18},"end":{"line":23,"column":71}},{"start":{"line":23,"column":71},"end":{"line":23,"column":null}}],"line":23},"1":{"loc":{"start":{"line":25,"column":2},"end":{"line":25,"column":null}},"type":"if","locations":[{"start":{"line":25,"column":2},"end":{"line":25,"column":null}},{"start":{},"end":{}}],"line":25},"2":{"loc":{"start":{"line":36,"column":2},"end":{"line":38,"column":null}},"type":"if","locations":[{"start":{"line":36,"column":2},"end":{"line":38,"column":null}},{"start":{},"end":{}}],"line":36},"3":{"loc":{"start":{"line":36,"column":6},"end":{"line":36,"column":31}},"type":"binary-expr","locations":[{"start":{"line":36,"column":6},"end":{"line":36,"column":20}},{"start":{"line":36,"column":20},"end":{"line":36,"column":31}}],"line":36},"4":{"loc":{"start":{"line":46,"column":4},"end":{"line":48,"column":null}},"type":"binary-expr","locations":[{"start":{"line":46,"column":4},"end":{"line":46,"column":null}},{"start":{"line":48,"column":4},"end":{"line":48,"column":null}}],"line":46},"5":{"loc":{"start":{"line":48,"column":51},"end":{"line":48,"column":90}},"type":"binary-expr","locations":[{"start":{"line":48,"column":51},"end":{"line":48,"column":70}},{"start":{"line":48,"column":70},"end":{"line":48,"column":90}}],"line":48},"6":{"loc":{"start":{"line":68,"column":2},"end":{"line":144,"column":null}},"type":"if","locations":[{"start":{"line":68,"column":2},"end":{"line":144,"column":null}},{"start":{"line":102,"column":9},"end":{"line":144,"column":null}}],"line":68},"7":{"loc":{"start":{"line":76,"column":21},"end":{"line":76,"column":null}},"type":"binary-expr","locations":[{"start":{"line":76,"column":21},"end":{"line":76,"column":39}},{"start":{"line":76,"column":39},"end":{"line":76,"column":null}}],"line":76},"8":{"loc":{"start":{"line":92,"column":16},"end":{"line":92,"column":null}},"type":"cond-expr","locations":[{"start":{"line":92,"column":65},"end":{"line":92,"column":74}},{"start":{"line":92,"column":74},"end":{"line":92,"column":null}}],"line":92},"9":{"loc":{"start":{"line":92,"column":16},"end":{"line":92,"column":65}},"type":"binary-expr","locations":[{"start":{"line":92,"column":16},"end":{"line":92,"column":30}},{"start":{"line":92,"column":30},"end":{"line":92,"column":41}},{"start":{"line":92,"column":41},"end":{"line":92,"column":54}},{"start":{"line":92,"column":54},"end":{"line":92,"column":65}}],"line":92},"10":{"loc":{"start":{"line":94,"column":17},"end":{"line":94,"column":null}},"type":"cond-expr","locations":[{"start":{"line":94,"column":69},"end":{"line":94,"column":78}},{"start":{"line":94,"column":78},"end":{"line":94,"column":null}}],"line":94},"11":{"loc":{"start":{"line":94,"column":17},"end":{"line":94,"column":69}},"type":"binary-expr","locations":[{"start":{"line":94,"column":17},"end":{"line":94,"column":31}},{"start":{"line":94,"column":31},"end":{"line":94,"column":44}},{"start":{"line":94,"column":44},"end":{"line":94,"column":57}},{"start":{"line":94,"column":57},"end":{"line":94,"column":69}}],"line":94},"12":{"loc":{"start":{"line":106,"column":21},"end":{"line":106,"column":null}},"type":"binary-expr","locations":[{"start":{"line":106,"column":21},"end":{"line":106,"column":45}},{"start":{"line":106,"column":45},"end":{"line":106,"column":null}}],"line":106},"13":{"loc":{"start":{"line":106,"column":80},"end":{"line":106,"column":115}},"type":"cond-expr","locations":[{"start":{"line":106,"column":93},"end":{"line":106,"column":105}},{"start":{"line":106,"column":105},"end":{"line":106,"column":115}}],"line":106},"14":{"loc":{"start":{"line":112,"column":4},"end":{"line":112,"column":null}},"type":"if","locations":[{"start":{"line":112,"column":4},"end":{"line":112,"column":null}},{"start":{},"end":{}}],"line":112},"15":{"loc":{"start":{"line":112,"column":8},"end":{"line":112,"column":36}},"type":"binary-expr","locations":[{"start":{"line":112,"column":8},"end":{"line":112,"column":21}},{"start":{"line":112,"column":21},"end":{"line":112,"column":36}}],"line":112},"16":{"loc":{"start":{"line":124,"column":15},"end":{"line":124,"column":null}},"type":"cond-expr","locations":[{"start":{"line":124,"column":28},"end":{"line":124,"column":37}},{"start":{"line":124,"column":37},"end":{"line":124,"column":null}}],"line":124},"17":{"loc":{"start":{"line":126,"column":16},"end":{"line":126,"column":null}},"type":"cond-expr","locations":[{"start":{"line":126,"column":28},"end":{"line":126,"column":37}},{"start":{"line":126,"column":37},"end":{"line":126,"column":null}}],"line":126},"18":{"loc":{"start":{"line":136,"column":15},"end":{"line":136,"column":null}},"type":"cond-expr","locations":[{"start":{"line":136,"column":27},"end":{"line":136,"column":36}},{"start":{"line":136,"column":36},"end":{"line":136,"column":null}}],"line":136},"19":{"loc":{"start":{"line":138,"column":16},"end":{"line":138,"column":null}},"type":"cond-expr","locations":[{"start":{"line":138,"column":29},"end":{"line":138,"column":38}},{"start":{"line":138,"column":38},"end":{"line":138,"column":null}}],"line":138},"20":{"loc":{"start":{"line":152,"column":2},"end":{"line":154,"column":null}},"type":"if","locations":[{"start":{"line":152,"column":2},"end":{"line":154,"column":null}},{"start":{},"end":{}}],"line":152}},"s":{"0":1,"1":4,"2":4,"3":4,"4":0,"5":4,"6":4,"7":4,"8":1,"9":3,"10":12,"11":11,"12":3,"13":3,"14":3,"15":3,"16":3,"17":2,"18":4,"19":4,"20":4,"21":4,"22":4,"23":1,"24":0,"25":1,"26":1,"27":0,"28":1,"29":3,"30":12,"31":3,"32":6,"33":3,"34":6,"35":3,"36":1,"37":2},"f":{"0":4,"1":12,"2":11,"3":3,"4":4,"5":0,"6":12,"7":6,"8":6},"b":{"0":[4,0],"1":[0,4],"2":[1,3],"3":[4,4],"4":[12,7],"5":[11,11],"6":[2,1],"7":[4,1],"8":[2,2],"9":[4,4,2,0],"10":[2,2],"11":[4,4,2,0],"12":[1,0],"13":[0,0],"14":[0,1],"15":[1,1],"16":[1,0],"17":[0,1],"18":[0,1],"19":[1,0],"20":[1,2]},"meta":{"lastBranch":21,"lastFunction":9,"lastStatement":38,"seen":{"s:15:32:164:Infinity":0,"f:15:32:15:33":0,"s:17:16:17:Infinity":1,"s:23:18:23:Infinity":2,"b:23:18:23:71:23:71:23:Infinity":0,"b:25:2:25:Infinity:undefined:undefined:undefined:undefined":1,"s:25:2:25:Infinity":3,"s:25:28:25:Infinity":4,"s:31:21:31:Infinity":5,"s:33:20:33:Infinity":6,"b:36:2:38:Infinity:undefined:undefined:undefined:undefined":2,"s:36:2:38:Infinity":7,"b:36:6:36:20:36:20:36:31":3,"s:37:4:37:Infinity":8,"s:44:28:50:Infinity":9,"f:44:44:44:Infinity":1,"s:46:4:48:Infinity":10,"b:46:4:46:Infinity:48:4:48:Infinity":4,"f:48:43:48:51":2,"s:48:51:48:90":11,"b:48:51:48:70:48:70:48:90":5,"s:56:23:56:Infinity":12,"f:56:37:56:44":3,"s:56:44:56:96":13,"s:62:21:62:Infinity":14,"s:64:20:64:Infinity":15,"b:68:2:144:Infinity:102:9:144:Infinity":6,"s:68:2:144:Infinity":16,"s:72:4:100:Infinity":17,"f:72:30:72:31":4,"s:76:21:76:Infinity":18,"b:76:21:76:39:76:39:76:Infinity":7,"s:80:22:80:Infinity":19,"s:82:20:82:Infinity":20,"s:86:6:96:Infinity":21,"b:92:65:92:74:92:74:92:Infinity":8,"b:92:16:92:30:92:30:92:41:92:41:92:54:92:54:92:65":9,"b:94:69:94:78:94:78:94:Infinity":10,"b:94:17:94:31:94:31:94:44:94:44:94:57:94:57:94:69":11,"s:98:6:98:Infinity":22,"s:106:21:106:Infinity":23,"b:106:21:106:45:106:45:106:Infinity":12,"f:106:59:106:66":5,"s:106:66:106:115":24,"b:106:93:106:105:106:105:106:115":13,"s:108:19:108:Infinity":25,"b:112:4:112:Infinity:undefined:undefined:undefined:undefined":14,"s:112:4:112:Infinity":26,"b:112:8:112:21:112:21:112:36":15,"s:112:36:112:Infinity":27,"s:116:4:142:Infinity":28,"b:124:28:124:37:124:37:124:Infinity":16,"b:126:28:126:37:126:37:126:Infinity":17,"b:136:27:136:36:136:36:136:Infinity":18,"b:138:29:138:38:138:38:138:Infinity":19,"s:149:18:149:Infinity":29,"f:149:18:149:19":6,"s:149:33:149:Infinity":30,"s:150:19:150:Infinity":31,"f:150:32:150:33":7,"s:150:42:150:64":32,"s:151:20:151:Infinity":33,"f:151:33:151:34":8,"s:151:43:151:66":34,"b:152:2:154:Infinity:undefined:undefined:undefined:undefined":20,"s:152:2:154:Infinity":35,"s:153:4:153:Infinity":36,"s:156:2:162:Infinity":37}}}
}
